<?xml version="1.0" encoding="UTF-8" ?>
<testsuite tests="2" failures="0" name="com.hl.service.impl.RPostBarServiceImplTest" time="0.204" errors="1" skipped="0">
  <properties>
[...]
</properties>
  <testcase classname="com.hl.service.impl.RPostBarServiceImplTest" name="testShowRPostBarByPbid" time="0.08"/>
  <testcase classname="com.hl.service.impl.RPostBarServiceImplTest" name="testReceivePostBar" time="0.124">
    <error message="
### Error updating database.  Cause: com.mysql.jdbc.exceptions.jdbc4.MySQLIntegrityConstraintViolationException: Cannot add or update a child row: a foreign key constraint fails (`exam_test`.`rpostbar`, CONSTRAINT `rpostbar_ibfk_2` FOREIGN KEY (`pbid`) REFERENCES `postbar` (`pbid`) ON DELETE CASCADE)
### The error may involve com.hl.mapper.RPostBarMapper.addRPostBar-Inline
### The error occurred while setting parameters
### SQL: insert into rpostbar (rquescontent ,rqtime,userid,pbid)    values(?,?,?,?)
### Cause: com.mysql.jdbc.exceptions.jdbc4.MySQLIntegrityConstraintViolationException: Cannot add or update a child row: a foreign key constraint fails (`exam_test`.`rpostbar`, CONSTRAINT `rpostbar_ibfk_2` FOREIGN KEY (`pbid`) REFERENCES `postbar` (`pbid`) ON DELETE CASCADE)
; SQL []; Cannot add or update a child row: a foreign key constraint fails (`exam_test`.`rpostbar`, CONSTRAINT `rpostbar_ibfk_2` FOREIGN KEY (`pbid`) REFERENCES `postbar` (`pbid`) ON DELETE CASCADE); nested exception is com.mysql.jdbc.exceptions.jdbc4.MySQLIntegrityConstraintViolationException: Cannot add or update a child row: a foreign key constraint fails (`exam_test`.`rpostbar`, CONSTRAINT `rpostbar_ibfk_2` FOREIGN KEY (`pbid`) REFERENCES `postbar` (`pbid`) ON DELETE CASCADE)" type="org.springframework.dao.DataIntegrityViolationException">org.springframework.dao.DataIntegrityViolationException: 
### Error updating database.  Cause: com.mysql.jdbc.exceptions.jdbc4.MySQLIntegrityConstraintViolationException: Cannot add or update a child row: a foreign key constraint fails (`exam_test`.`rpostbar`, CONSTRAINT `rpostbar_ibfk_2` FOREIGN KEY (`pbid`) REFERENCES `postbar` (`pbid`) ON DELETE CASCADE)
### The error may involve com.hl.mapper.RPostBarMapper.addRPostBar-Inline
### The error occurred while setting parameters
### SQL: insert into rpostbar (rquescontent ,rqtime,userid,pbid)    values(?,?,?,?)
### Cause: com.mysql.jdbc.exceptions.jdbc4.MySQLIntegrityConstraintViolationException: Cannot add or update a child row: a foreign key constraint fails (`exam_test`.`rpostbar`, CONSTRAINT `rpostbar_ibfk_2` FOREIGN KEY (`pbid`) REFERENCES `postbar` (`pbid`) ON DELETE CASCADE)
; SQL []; Cannot add or update a child row: a foreign key constraint fails (`exam_test`.`rpostbar`, CONSTRAINT `rpostbar_ibfk_2` FOREIGN KEY (`pbid`) REFERENCES `postbar` (`pbid`) ON DELETE CASCADE); nested exception is com.mysql.jdbc.exceptions.jdbc4.MySQLIntegrityConstraintViolationException: Cannot add or update a child row: a foreign key constraint fails (`exam_test`.`rpostbar`, CONSTRAINT `rpostbar_ibfk_2` FOREIGN KEY (`pbid`) REFERENCES `postbar` (`pbid`) ON DELETE CASCADE)
	at org.springframework.jdbc.support.SQLErrorCodeSQLExceptionTranslator.doTranslate(SQLErrorCodeSQLExceptionTranslator.java:243)
	at org.springframework.jdbc.support.AbstractFallbackSQLExceptionTranslator.translate(AbstractFallbackSQLExceptionTranslator.java:73)
	at org.mybatis.spring.MyBatisExceptionTranslator.translateExceptionIfPossible(MyBatisExceptionTranslator.java:75)
	at org.mybatis.spring.SqlSessionTemplate$SqlSessionInterceptor.invoke(SqlSessionTemplate.java:447)
	at com.sun.proxy.$Proxy18.insert(Unknown Source)
	at org.mybatis.spring.SqlSessionTemplate.insert(SqlSessionTemplate.java:279)
	at org.apache.ibatis.binding.MapperMethod.execute(MapperMethod.java:46)
	at org.apache.ibatis.binding.MapperProxy.invoke(MapperProxy.java:43)
	at com.sun.proxy.$Proxy50.addRPostBar(Unknown Source)
	at com.hl.service.impl.RPostBarServiceImpl.receivePostBar(RPostBarServiceImpl.java:54)
	at sun.reflect.NativeMethodAccessorImpl.invoke0(Native Method)
	at sun.reflect.NativeMethodAccessorImpl.invoke(NativeMethodAccessorImpl.java:62)
	at sun.reflect.DelegatingMethodAccessorImpl.invoke(DelegatingMethodAccessorImpl.java:43)
	at java.lang.reflect.Method.invoke(Method.java:498)
	at org.springframework.aop.support.AopUtils.invokeJoinpointUsingReflection(AopUtils.java:333)
	at org.springframework.aop.framework.ReflectiveMethodInvocation.invokeJoinpoint(ReflectiveMethodInvocation.java:190)
	at org.springframework.aop.framework.ReflectiveMethodInvocation.proceed(ReflectiveMethodInvocation.java:157)
	at org.springframework.transaction.interceptor.TransactionInterceptor$1.proceedWithInvocation(TransactionInterceptor.java:99)
	at org.springframework.transaction.interceptor.TransactionAspectSupport.invokeWithinTransaction(TransactionAspectSupport.java:282)
	at org.springframework.transaction.interceptor.TransactionInterceptor.invoke(TransactionInterceptor.java:96)
	at org.springframework.aop.framework.ReflectiveMethodInvocation.proceed(ReflectiveMethodInvocation.java:179)
	at org.springframework.aop.interceptor.ExposeInvocationInterceptor.invoke(ExposeInvocationInterceptor.java:92)
	at org.springframework.aop.framework.ReflectiveMethodInvocation.proceed(ReflectiveMethodInvocation.java:179)
	at org.springframework.aop.framework.JdkDynamicAopProxy.invoke(JdkDynamicAopProxy.java:213)
	at com.sun.proxy.$Proxy51.receivePostBar(Unknown Source)
	at com.hl.service.impl.RPostBarServiceImplTest.testReceivePostBar(RPostBarServiceImplTest.java:27)
	at sun.reflect.NativeMethodAccessorImpl.invoke0(Native Method)
	at sun.reflect.NativeMethodAccessorImpl.invoke(NativeMethodAccessorImpl.java:62)
	at sun.reflect.DelegatingMethodAccessorImpl.invoke(DelegatingMethodAccessorImpl.java:43)
	at java.lang.reflect.Method.invoke(Method.java:498)
	at org.junit.runners.model.FrameworkMethod$1.runReflectiveCall(FrameworkMethod.java:45)
	at org.junit.internal.runners.model.ReflectiveCallable.run(ReflectiveCallable.java:15)
	at org.junit.runners.model.FrameworkMethod.invokeExplosively(FrameworkMethod.java:42)
	at org.junit.internal.runners.statements.InvokeMethod.evaluate(InvokeMethod.java:20)
	at org.springframework.test.context.junit4.statements.RunBeforeTestMethodCallbacks.evaluate(RunBeforeTestMethodCallbacks.java:72)
	at org.springframework.test.context.junit4.statements.RunAfterTestMethodCallbacks.evaluate(RunAfterTestMethodCallbacks.java:81)
	at org.springframework.test.context.junit4.statements.SpringRepeat.evaluate(SpringRepeat.java:72)
	at org.junit.runners.ParentRunner.runLeaf(ParentRunner.java:263)
	at org.springframework.test.context.junit4.SpringJUnit4ClassRunner.runChild(SpringJUnit4ClassRunner.java:216)
	at org.springframework.test.context.junit4.SpringJUnit4ClassRunner.runChild(SpringJUnit4ClassRunner.java:82)
	at org.junit.runners.ParentRunner$3.run(ParentRunner.java:231)
	at org.junit.runners.ParentRunner$1.schedule(ParentRunner.java:60)
	at org.junit.runners.ParentRunner.runChildren(ParentRunner.java:229)
	at org.junit.runners.ParentRunner.access$000(ParentRunner.java:50)
	at org.junit.runners.ParentRunner$2.evaluate(ParentRunner.java:222)
	at org.springframework.test.context.junit4.statements.RunBeforeTestClassCallbacks.evaluate(RunBeforeTestClassCallbacks.java:60)
	at org.springframework.test.context.junit4.statements.RunAfterTestClassCallbacks.evaluate(RunAfterTestClassCallbacks.java:67)
	at org.junit.runners.ParentRunner.run(ParentRunner.java:300)
	at org.springframework.test.context.junit4.SpringJUnit4ClassRunner.run(SpringJUnit4ClassRunner.java:162)
	at org.apache.maven.surefire.junit4.JUnit4Provider.execute(JUnit4Provider.java:252)
	at org.apache.maven.surefire.junit4.JUnit4Provider.executeTestSet(JUnit4Provider.java:141)
	at org.apache.maven.surefire.junit4.JUnit4Provider.invoke(JUnit4Provider.java:112)
	at sun.reflect.NativeMethodAccessorImpl.invoke0(Native Method)
	at sun.reflect.NativeMethodAccessorImpl.invoke(NativeMethodAccessorImpl.java:62)
	at sun.reflect.DelegatingMethodAccessorImpl.invoke(DelegatingMethodAccessorImpl.java:43)
	at java.lang.reflect.Method.invoke(Method.java:498)
	at org.apache.maven.surefire.util.ReflectionUtils.invokeMethodWithArray(ReflectionUtils.java:189)
	at org.apache.maven.surefire.booter.ProviderFactory$ProviderProxy.invoke(ProviderFactory.java:165)
	at org.apache.maven.surefire.booter.ProviderFactory.invokeProvider(ProviderFactory.java:85)
	at org.apache.maven.surefire.booter.ForkedBooter.runSuitesInProcess(ForkedBooter.java:115)
	at org.apache.maven.surefire.booter.ForkedBooter.main(ForkedBooter.java:75)
Caused by: com.mysql.jdbc.exceptions.jdbc4.MySQLIntegrityConstraintViolationException: Cannot add or update a child row: a foreign key constraint fails (`exam_test`.`rpostbar`, CONSTRAINT `rpostbar_ibfk_2` FOREIGN KEY (`pbid`) REFERENCES `postbar` (`pbid`) ON DELETE CASCADE)
	at sun.reflect.NativeConstructorAccessorImpl.newInstance0(Native Method)
	at sun.reflect.NativeConstructorAccessorImpl.newInstance(NativeConstructorAccessorImpl.java:62)
	at sun.reflect.DelegatingConstructorAccessorImpl.newInstance(DelegatingConstructorAccessorImpl.java:45)
	at java.lang.reflect.Constructor.newInstance(Constructor.java:423)
	at com.mysql.jdbc.Util.handleNewInstance(Util.java:406)
	at com.mysql.jdbc.Util.getInstance(Util.java:381)
	at com.mysql.jdbc.SQLError.createSQLException(SQLError.java:1015)
	at com.mysql.jdbc.SQLError.createSQLException(SQLError.java:956)
	at com.mysql.jdbc.MysqlIO.checkErrorPacket(MysqlIO.java:3536)
	at com.mysql.jdbc.MysqlIO.checkErrorPacket(MysqlIO.java:3468)
	at com.mysql.jdbc.MysqlIO.sendCommand(MysqlIO.java:1957)
	at com.mysql.jdbc.MysqlIO.sqlQueryDirect(MysqlIO.java:2107)
	at com.mysql.jdbc.ConnectionImpl.execSQL(ConnectionImpl.java:2648)
	at com.mysql.jdbc.PreparedStatement.executeInternal(PreparedStatement.java:2086)
	at com.mysql.jdbc.PreparedStatement.execute(PreparedStatement.java:1365)
	at com.mchange.v2.c3p0.impl.NewProxyPreparedStatement.execute(NewProxyPreparedStatement.java:823)
	at sun.reflect.GeneratedMethodAccessor15.invoke(Unknown Source)
	at sun.reflect.DelegatingMethodAccessorImpl.invoke(DelegatingMethodAccessorImpl.java:43)
	at java.lang.reflect.Method.invoke(Method.java:498)
	at org.apache.ibatis.logging.jdbc.PreparedStatementLogger.invoke(PreparedStatementLogger.java:55)
	at com.sun.proxy.$Proxy63.execute(Unknown Source)
	at org.apache.ibatis.executor.statement.PreparedStatementHandler.update(PreparedStatementHandler.java:41)
	at org.apache.ibatis.executor.statement.RoutingStatementHandler.update(RoutingStatementHandler.java:66)
	at org.apache.ibatis.executor.SimpleExecutor.doUpdate(SimpleExecutor.java:45)
	at org.apache.ibatis.executor.BaseExecutor.update(BaseExecutor.java:100)
	at org.apache.ibatis.executor.CachingExecutor.update(CachingExecutor.java:75)
	at sun.reflect.GeneratedMethodAccessor52.invoke(Unknown Source)
	at sun.reflect.DelegatingMethodAccessorImpl.invoke(DelegatingMethodAccessorImpl.java:43)
	at java.lang.reflect.Method.invoke(Method.java:498)
	at org.apache.ibatis.plugin.Plugin.invoke(Plugin.java:59)
	at com.sun.proxy.$Proxy61.update(Unknown Source)
	at org.apache.ibatis.session.defaults.DefaultSqlSession.update(DefaultSqlSession.java:148)
	at org.apache.ibatis.session.defaults.DefaultSqlSession.insert(DefaultSqlSession.java:137)
	at sun.reflect.NativeMethodAccessorImpl.invoke0(Native Method)
	at sun.reflect.NativeMethodAccessorImpl.invoke(NativeMethodAccessorImpl.java:62)
	at sun.reflect.DelegatingMethodAccessorImpl.invoke(DelegatingMethodAccessorImpl.java:43)
	at java.lang.reflect.Method.invoke(Method.java:498)
	at org.mybatis.spring.SqlSessionTemplate$SqlSessionInterceptor.invoke(SqlSessionTemplate.java:434)
	... 57 more
</error>
    <system-out>22:48:57,409  INFO TransactionContext:100 - Began transaction (1) for test context [DefaultTestContext@57f791c6 testClass = RPostBarServiceImplTest, testInstance = com.hl.service.impl.RPostBarServiceImplTest@615f972, testMethod = testReceivePostBar@RPostBarServiceImplTest, testException = [null], mergedContextConfiguration = [MergedContextConfiguration@6c4f9535 testClass = RPostBarServiceImplTest, locations = &apos;{classpath:spring/spring-dao.xml, classpath:spring/spring-service.xml, classpath:spring/spring-transaction.xml}&apos;, classes = &apos;{}&apos;, contextInitializerClasses = &apos;[]&apos;, activeProfiles = &apos;{}&apos;, propertySourceLocations = &apos;{}&apos;, propertySourceProperties = &apos;{}&apos;, contextLoader = &apos;org.springframework.test.context.support.DelegatingSmartContextLoader&apos;, parent = [null]]]; transaction manager [org.springframework.jdbc.datasource.DataSourceTransactionManager@1608bcbd]; rollback [true]
22:48:57,410  INFO RPostBarServiceImpl:42 - ===========�ظ�ָ��������||pbid=5===========
Creating a new SqlSession
Registering transaction synchronization for SqlSession [org.apache.ibatis.session.defaults.DefaultSqlSession@285f09de]
JDBC Connection [com.mchange.v2.c3p0.impl.NewProxyConnection@31500940] will be managed by Spring
ooo Using Connection [com.mchange.v2.c3p0.impl.NewProxyConnection@31500940]
==&gt;  Preparing: insert into rpostbar (rquescontent ,rqtime,userid,pbid) values(?,?,?,?) 
==&gt; Parameters: test����(String), 2019-05-04(String), 6(Integer), 5(Integer)
Releasing transactional SqlSession [org.apache.ibatis.session.defaults.DefaultSqlSession@285f09de]
Transaction synchronization deregistering SqlSession [org.apache.ibatis.session.defaults.DefaultSqlSession@285f09de]
Transaction synchronization closing SqlSession [org.apache.ibatis.session.defaults.DefaultSqlSession@285f09de]
22:48:57,509  INFO TransactionContext:135 - Rolled back transaction for test context [DefaultTestContext@57f791c6 testClass = RPostBarServiceImplTest, testInstance = com.hl.service.impl.RPostBarServiceImplTest@615f972, testMethod = testReceivePostBar@RPostBarServiceImplTest, testException = org.springframework.dao.DataIntegrityViolationException: 
### Error updating database.  Cause: com.mysql.jdbc.exceptions.jdbc4.MySQLIntegrityConstraintViolationException: Cannot add or update a child row: a foreign key constraint fails (`exam_test`.`rpostbar`, CONSTRAINT `rpostbar_ibfk_2` FOREIGN KEY (`pbid`) REFERENCES `postbar` (`pbid`) ON DELETE CASCADE)
### The error may involve com.hl.mapper.RPostBarMapper.addRPostBar-Inline
### The error occurred while setting parameters
### SQL: insert into rpostbar (rquescontent ,rqtime,userid,pbid)    values(?,?,?,?)
### Cause: com.mysql.jdbc.exceptions.jdbc4.MySQLIntegrityConstraintViolationException: Cannot add or update a child row: a foreign key constraint fails (`exam_test`.`rpostbar`, CONSTRAINT `rpostbar_ibfk_2` FOREIGN KEY (`pbid`) REFERENCES `postbar` (`pbid`) ON DELETE CASCADE)
; SQL []; Cannot add or update a child row: a foreign key constraint fails (`exam_test`.`rpostbar`, CONSTRAINT `rpostbar_ibfk_2` FOREIGN KEY (`pbid`) REFERENCES `postbar` (`pbid`) ON DELETE CASCADE); nested exception is com.mysql.jdbc.exceptions.jdbc4.MySQLIntegrityConstraintViolationException: Cannot add or update a child row: a foreign key constraint fails (`exam_test`.`rpostbar`, CONSTRAINT `rpostbar_ibfk_2` FOREIGN KEY (`pbid`) REFERENCES `postbar` (`pbid`) ON DELETE CASCADE), mergedContextConfiguration = [MergedContextConfiguration@6c4f9535 testClass = RPostBarServiceImplTest, locations = &apos;{classpath:spring/spring-dao.xml, classpath:spring/spring-service.xml, classpath:spring/spring-transaction.xml}&apos;, classes = &apos;{}&apos;, contextInitializerClasses = &apos;[]&apos;, activeProfiles = &apos;{}&apos;, propertySourceLocations = &apos;{}&apos;, propertySourceProperties = &apos;{}&apos;, contextLoader = &apos;org.springframework.test.context.support.DelegatingSmartContextLoader&apos;, parent = [null]]].
</system-out>
  </testcase>
</testsuite>