<?xml version="1.0" encoding="UTF-8" ?>
<testsuite tests="5" failures="0" name="com.hl.service.impl.SubjectServiceImplTest" time="0.557" errors="1" skipped="0">
  <properties>
[...]
</properties>
  <testcase classname="com.hl.service.impl.SubjectServiceImplTest" name="testListChoseSubjectLikeScontentPage" time="0.096"/>
  <testcase classname="com.hl.service.impl.SubjectServiceImplTest" name="testListChoseSubject" time="0.097"/>
  <testcase classname="com.hl.service.impl.SubjectServiceImplTest" name="testInsertChoseSubject" time="0.096"/>
  <testcase classname="com.hl.service.impl.SubjectServiceImplTest" name="testInsertChoseSubjectAndGetSid" time="0.142"/>
  <testcase classname="com.hl.service.impl.SubjectServiceImplTest" name="testGetSubjectDetail" time="0.126">
    <error type="java.lang.NullPointerException">java.lang.NullPointerException
	at com.hl.service.impl.SubjectServiceImpl.getSubjectDetail(SubjectServiceImpl.java:81)
	at sun.reflect.NativeMethodAccessorImpl.invoke0(Native Method)
	at sun.reflect.NativeMethodAccessorImpl.invoke(NativeMethodAccessorImpl.java:62)
	at sun.reflect.DelegatingMethodAccessorImpl.invoke(DelegatingMethodAccessorImpl.java:43)
	at java.lang.reflect.Method.invoke(Method.java:498)
	at org.springframework.aop.support.AopUtils.invokeJoinpointUsingReflection(AopUtils.java:333)
	at org.springframework.aop.framework.ReflectiveMethodInvocation.invokeJoinpoint(ReflectiveMethodInvocation.java:190)
	at org.springframework.aop.framework.ReflectiveMethodInvocation.proceed(ReflectiveMethodInvocation.java:157)
	at org.springframework.transaction.interceptor.TransactionInterceptor$1.proceedWithInvocation(TransactionInterceptor.java:99)
	at org.springframework.transaction.interceptor.TransactionAspectSupport.invokeWithinTransaction(TransactionAspectSupport.java:282)
	at org.springframework.transaction.interceptor.TransactionInterceptor.invoke(TransactionInterceptor.java:96)
	at org.springframework.aop.framework.ReflectiveMethodInvocation.proceed(ReflectiveMethodInvocation.java:179)
	at org.springframework.aop.interceptor.ExposeInvocationInterceptor.invoke(ExposeInvocationInterceptor.java:92)
	at org.springframework.aop.framework.ReflectiveMethodInvocation.proceed(ReflectiveMethodInvocation.java:179)
	at org.springframework.aop.framework.JdkDynamicAopProxy.invoke(JdkDynamicAopProxy.java:213)
	at com.sun.proxy.$Proxy39.getSubjectDetail(Unknown Source)
	at com.hl.service.impl.SubjectServiceImplTest.testGetSubjectDetail(SubjectServiceImplTest.java:63)
	at sun.reflect.NativeMethodAccessorImpl.invoke0(Native Method)
	at sun.reflect.NativeMethodAccessorImpl.invoke(NativeMethodAccessorImpl.java:62)
	at sun.reflect.DelegatingMethodAccessorImpl.invoke(DelegatingMethodAccessorImpl.java:43)
	at java.lang.reflect.Method.invoke(Method.java:498)
	at org.junit.runners.model.FrameworkMethod$1.runReflectiveCall(FrameworkMethod.java:45)
	at org.junit.internal.runners.model.ReflectiveCallable.run(ReflectiveCallable.java:15)
	at org.junit.runners.model.FrameworkMethod.invokeExplosively(FrameworkMethod.java:42)
	at org.junit.internal.runners.statements.InvokeMethod.evaluate(InvokeMethod.java:20)
	at org.springframework.test.context.junit4.statements.RunBeforeTestMethodCallbacks.evaluate(RunBeforeTestMethodCallbacks.java:72)
	at org.springframework.test.context.junit4.statements.RunAfterTestMethodCallbacks.evaluate(RunAfterTestMethodCallbacks.java:81)
	at org.springframework.test.context.junit4.statements.SpringRepeat.evaluate(SpringRepeat.java:72)
	at org.junit.runners.ParentRunner.runLeaf(ParentRunner.java:263)
	at org.springframework.test.context.junit4.SpringJUnit4ClassRunner.runChild(SpringJUnit4ClassRunner.java:216)
	at org.springframework.test.context.junit4.SpringJUnit4ClassRunner.runChild(SpringJUnit4ClassRunner.java:82)
	at org.junit.runners.ParentRunner$3.run(ParentRunner.java:231)
	at org.junit.runners.ParentRunner$1.schedule(ParentRunner.java:60)
	at org.junit.runners.ParentRunner.runChildren(ParentRunner.java:229)
	at org.junit.runners.ParentRunner.access$000(ParentRunner.java:50)
	at org.junit.runners.ParentRunner$2.evaluate(ParentRunner.java:222)
	at org.springframework.test.context.junit4.statements.RunBeforeTestClassCallbacks.evaluate(RunBeforeTestClassCallbacks.java:60)
	at org.springframework.test.context.junit4.statements.RunAfterTestClassCallbacks.evaluate(RunAfterTestClassCallbacks.java:67)
	at org.junit.runners.ParentRunner.run(ParentRunner.java:300)
	at org.springframework.test.context.junit4.SpringJUnit4ClassRunner.run(SpringJUnit4ClassRunner.java:162)
	at org.apache.maven.surefire.junit4.JUnit4Provider.execute(JUnit4Provider.java:252)
	at org.apache.maven.surefire.junit4.JUnit4Provider.executeTestSet(JUnit4Provider.java:141)
	at org.apache.maven.surefire.junit4.JUnit4Provider.invoke(JUnit4Provider.java:112)
	at sun.reflect.NativeMethodAccessorImpl.invoke0(Native Method)
	at sun.reflect.NativeMethodAccessorImpl.invoke(NativeMethodAccessorImpl.java:62)
	at sun.reflect.DelegatingMethodAccessorImpl.invoke(DelegatingMethodAccessorImpl.java:43)
	at java.lang.reflect.Method.invoke(Method.java:498)
	at org.apache.maven.surefire.util.ReflectionUtils.invokeMethodWithArray(ReflectionUtils.java:189)
	at org.apache.maven.surefire.booter.ProviderFactory$ProviderProxy.invoke(ProviderFactory.java:165)
	at org.apache.maven.surefire.booter.ProviderFactory.invokeProvider(ProviderFactory.java:85)
	at org.apache.maven.surefire.booter.ForkedBooter.runSuitesInProcess(ForkedBooter.java:115)
	at org.apache.maven.surefire.booter.ForkedBooter.main(ForkedBooter.java:75)
</error>
    <system-out>22:48:58,341  INFO TransactionContext:100 - Began transaction (1) for test context [DefaultTestContext@70eecdc2 testClass = SubjectServiceImplTest, testInstance = com.hl.service.impl.SubjectServiceImplTest@2b46a8c1, testMethod = testGetSubjectDetail@SubjectServiceImplTest, testException = [null], mergedContextConfiguration = [MergedContextConfiguration@7db0565c testClass = SubjectServiceImplTest, locations = &apos;{classpath:spring/spring-dao.xml, classpath:spring/spring-service.xml, classpath:spring/spring-transaction.xml}&apos;, classes = &apos;{}&apos;, contextInitializerClasses = &apos;[]&apos;, activeProfiles = &apos;{}&apos;, propertySourceLocations = &apos;{}&apos;, propertySourceProperties = &apos;{}&apos;, contextLoader = &apos;org.springframework.test.context.support.DelegatingSmartContextLoader&apos;, parent = [null]]]; transaction manager [org.springframework.jdbc.datasource.DataSourceTransactionManager@1608bcbd]; rollback [true]
1
Creating a new SqlSession
Registering transaction synchronization for SqlSession [org.apache.ibatis.session.defaults.DefaultSqlSession@1d572e62]
JDBC Connection [com.mchange.v2.c3p0.impl.NewProxyConnection@46cf05f7] will be managed by Spring
ooo Using Connection [com.mchange.v2.c3p0.impl.NewProxyConnection@46cf05f7]
==&gt;  Preparing: select s.testcount , p.pid, p.pname from subject s join paper_subject ps on s.sid = ps.sid join paper p on ps.pid = p.pid where s.sid = ? 
==&gt; Parameters: 1(Integer)
&lt;==      Total: 0
Releasing transactional SqlSession [org.apache.ibatis.session.defaults.DefaultSqlSession@1d572e62]
Fetched SqlSession [org.apache.ibatis.session.defaults.DefaultSqlSession@1d572e62] from current transaction
ooo Using Connection [com.mchange.v2.c3p0.impl.NewProxyConnection@46cf05f7]
==&gt;  Preparing: select count(esid) from errorsubject where sid = ? 
==&gt; Parameters: 1(Integer)
&lt;==    Columns: count(esid)
&lt;==        Row: 0
&lt;==      Total: 1
Releasing transactional SqlSession [org.apache.ibatis.session.defaults.DefaultSqlSession@1d572e62]
Transaction synchronization deregistering SqlSession [org.apache.ibatis.session.defaults.DefaultSqlSession@1d572e62]
Transaction synchronization closing SqlSession [org.apache.ibatis.session.defaults.DefaultSqlSession@1d572e62]
22:48:58,437  INFO TransactionContext:135 - Rolled back transaction for test context [DefaultTestContext@70eecdc2 testClass = SubjectServiceImplTest, testInstance = com.hl.service.impl.SubjectServiceImplTest@2b46a8c1, testMethod = testGetSubjectDetail@SubjectServiceImplTest, testException = java.lang.NullPointerException, mergedContextConfiguration = [MergedContextConfiguration@7db0565c testClass = SubjectServiceImplTest, locations = &apos;{classpath:spring/spring-dao.xml, classpath:spring/spring-service.xml, classpath:spring/spring-transaction.xml}&apos;, classes = &apos;{}&apos;, contextInitializerClasses = &apos;[]&apos;, activeProfiles = &apos;{}&apos;, propertySourceLocations = &apos;{}&apos;, propertySourceProperties = &apos;{}&apos;, contextLoader = &apos;org.springframework.test.context.support.DelegatingSmartContextLoader&apos;, parent = [null]]].
</system-out>
  </testcase>
</testsuite>