<?xml version="1.0" encoding="UTF-8" ?>
<testsuite tests="7" failures="0" name="com.hl.service.impl.CourseServiceImplTest" time="0.792" errors="1" skipped="0">
  <properties>
[...]
</properties>
  <testcase classname="com.hl.service.impl.CourseServiceImplTest" name="testListCourseByTeacherid" time="0.127"/>
  <testcase classname="com.hl.service.impl.CourseServiceImplTest" name="testGetFielFromCourse" time="0.095"/>
  <testcase classname="com.hl.service.impl.CourseServiceImplTest" name="testDeleteCourse" time="0.098"/>
  <testcase classname="com.hl.service.impl.CourseServiceImplTest" name="testString2Date" time="0.065"/>
  <testcase classname="com.hl.service.impl.CourseServiceImplTest" name="testListStudentCourse" time="0.1"/>
  <testcase classname="com.hl.service.impl.CourseServiceImplTest" name="testListCourse4Student" time="0.095"/>
  <testcase classname="com.hl.service.impl.CourseServiceImplTest" name="testUserJoinCourse" time="0.212">
    <error message="
### Error updating database.  Cause: com.mysql.jdbc.exceptions.jdbc4.MySQLIntegrityConstraintViolationException: Cannot add or update a child row: a foreign key constraint fails (`exam_test`.`user_course`, CONSTRAINT `user_course_ibfk_2` FOREIGN KEY (`courseid`) REFERENCES `course` (`courseid`) ON DELETE CASCADE)
### The error may involve defaultParameterMap
### The error occurred while setting parameters
### SQL: insert into user_course (userid,courseid)     values(?,?)
### Cause: com.mysql.jdbc.exceptions.jdbc4.MySQLIntegrityConstraintViolationException: Cannot add or update a child row: a foreign key constraint fails (`exam_test`.`user_course`, CONSTRAINT `user_course_ibfk_2` FOREIGN KEY (`courseid`) REFERENCES `course` (`courseid`) ON DELETE CASCADE)
; SQL []; Cannot add or update a child row: a foreign key constraint fails (`exam_test`.`user_course`, CONSTRAINT `user_course_ibfk_2` FOREIGN KEY (`courseid`) REFERENCES `course` (`courseid`) ON DELETE CASCADE); nested exception is com.mysql.jdbc.exceptions.jdbc4.MySQLIntegrityConstraintViolationException: Cannot add or update a child row: a foreign key constraint fails (`exam_test`.`user_course`, CONSTRAINT `user_course_ibfk_2` FOREIGN KEY (`courseid`) REFERENCES `course` (`courseid`) ON DELETE CASCADE)" type="org.springframework.dao.DataIntegrityViolationException">org.springframework.dao.DataIntegrityViolationException: 
### Error updating database.  Cause: com.mysql.jdbc.exceptions.jdbc4.MySQLIntegrityConstraintViolationException: Cannot add or update a child row: a foreign key constraint fails (`exam_test`.`user_course`, CONSTRAINT `user_course_ibfk_2` FOREIGN KEY (`courseid`) REFERENCES `course` (`courseid`) ON DELETE CASCADE)
### The error may involve defaultParameterMap
### The error occurred while setting parameters
### SQL: insert into user_course (userid,courseid)     values(?,?)
### Cause: com.mysql.jdbc.exceptions.jdbc4.MySQLIntegrityConstraintViolationException: Cannot add or update a child row: a foreign key constraint fails (`exam_test`.`user_course`, CONSTRAINT `user_course_ibfk_2` FOREIGN KEY (`courseid`) REFERENCES `course` (`courseid`) ON DELETE CASCADE)
; SQL []; Cannot add or update a child row: a foreign key constraint fails (`exam_test`.`user_course`, CONSTRAINT `user_course_ibfk_2` FOREIGN KEY (`courseid`) REFERENCES `course` (`courseid`) ON DELETE CASCADE); nested exception is com.mysql.jdbc.exceptions.jdbc4.MySQLIntegrityConstraintViolationException: Cannot add or update a child row: a foreign key constraint fails (`exam_test`.`user_course`, CONSTRAINT `user_course_ibfk_2` FOREIGN KEY (`courseid`) REFERENCES `course` (`courseid`) ON DELETE CASCADE)
	at org.springframework.jdbc.support.SQLErrorCodeSQLExceptionTranslator.doTranslate(SQLErrorCodeSQLExceptionTranslator.java:243)
	at org.springframework.jdbc.support.AbstractFallbackSQLExceptionTranslator.translate(AbstractFallbackSQLExceptionTranslator.java:73)
	at org.mybatis.spring.MyBatisExceptionTranslator.translateExceptionIfPossible(MyBatisExceptionTranslator.java:75)
	at org.mybatis.spring.SqlSessionTemplate$SqlSessionInterceptor.invoke(SqlSessionTemplate.java:447)
	at com.sun.proxy.$Proxy18.insert(Unknown Source)
	at org.mybatis.spring.SqlSessionTemplate.insert(SqlSessionTemplate.java:279)
	at org.apache.ibatis.binding.MapperMethod.execute(MapperMethod.java:46)
	at org.apache.ibatis.binding.MapperProxy.invoke(MapperProxy.java:43)
	at com.sun.proxy.$Proxy31.userJoinCourse(Unknown Source)
	at com.hl.service.impl.CourseServiceImpl.userJoinCourse(CourseServiceImpl.java:216)
	at sun.reflect.NativeMethodAccessorImpl.invoke0(Native Method)
	at sun.reflect.NativeMethodAccessorImpl.invoke(NativeMethodAccessorImpl.java:62)
	at sun.reflect.DelegatingMethodAccessorImpl.invoke(DelegatingMethodAccessorImpl.java:43)
	at java.lang.reflect.Method.invoke(Method.java:498)
	at org.springframework.aop.support.AopUtils.invokeJoinpointUsingReflection(AopUtils.java:333)
	at org.springframework.aop.framework.ReflectiveMethodInvocation.invokeJoinpoint(ReflectiveMethodInvocation.java:190)
	at org.springframework.aop.framework.ReflectiveMethodInvocation.proceed(ReflectiveMethodInvocation.java:157)
	at org.springframework.transaction.interceptor.TransactionInterceptor$1.proceedWithInvocation(TransactionInterceptor.java:99)
	at org.springframework.transaction.interceptor.TransactionAspectSupport.invokeWithinTransaction(TransactionAspectSupport.java:282)
	at org.springframework.transaction.interceptor.TransactionInterceptor.invoke(TransactionInterceptor.java:96)
	at org.springframework.aop.framework.ReflectiveMethodInvocation.proceed(ReflectiveMethodInvocation.java:179)
	at org.springframework.aop.interceptor.ExposeInvocationInterceptor.invoke(ExposeInvocationInterceptor.java:92)
	at org.springframework.aop.framework.ReflectiveMethodInvocation.proceed(ReflectiveMethodInvocation.java:179)
	at org.springframework.aop.framework.JdkDynamicAopProxy.invoke(JdkDynamicAopProxy.java:213)
	at com.sun.proxy.$Proxy32.userJoinCourse(Unknown Source)
	at com.hl.service.impl.CourseServiceImplTest.testUserJoinCourse(CourseServiceImplTest.java:107)
	at sun.reflect.NativeMethodAccessorImpl.invoke0(Native Method)
	at sun.reflect.NativeMethodAccessorImpl.invoke(NativeMethodAccessorImpl.java:62)
	at sun.reflect.DelegatingMethodAccessorImpl.invoke(DelegatingMethodAccessorImpl.java:43)
	at java.lang.reflect.Method.invoke(Method.java:498)
	at org.junit.runners.model.FrameworkMethod$1.runReflectiveCall(FrameworkMethod.java:45)
	at org.junit.internal.runners.model.ReflectiveCallable.run(ReflectiveCallable.java:15)
	at org.junit.runners.model.FrameworkMethod.invokeExplosively(FrameworkMethod.java:42)
	at org.junit.internal.runners.statements.InvokeMethod.evaluate(InvokeMethod.java:20)
	at org.springframework.test.context.junit4.statements.RunBeforeTestMethodCallbacks.evaluate(RunBeforeTestMethodCallbacks.java:72)
	at org.springframework.test.context.junit4.statements.RunAfterTestMethodCallbacks.evaluate(RunAfterTestMethodCallbacks.java:81)
	at org.springframework.test.context.junit4.statements.SpringRepeat.evaluate(SpringRepeat.java:72)
	at org.junit.runners.ParentRunner.runLeaf(ParentRunner.java:263)
	at org.springframework.test.context.junit4.SpringJUnit4ClassRunner.runChild(SpringJUnit4ClassRunner.java:216)
	at org.springframework.test.context.junit4.SpringJUnit4ClassRunner.runChild(SpringJUnit4ClassRunner.java:82)
	at org.junit.runners.ParentRunner$3.run(ParentRunner.java:231)
	at org.junit.runners.ParentRunner$1.schedule(ParentRunner.java:60)
	at org.junit.runners.ParentRunner.runChildren(ParentRunner.java:229)
	at org.junit.runners.ParentRunner.access$000(ParentRunner.java:50)
	at org.junit.runners.ParentRunner$2.evaluate(ParentRunner.java:222)
	at org.springframework.test.context.junit4.statements.RunBeforeTestClassCallbacks.evaluate(RunBeforeTestClassCallbacks.java:60)
	at org.springframework.test.context.junit4.statements.RunAfterTestClassCallbacks.evaluate(RunAfterTestClassCallbacks.java:67)
	at org.junit.runners.ParentRunner.run(ParentRunner.java:300)
	at org.springframework.test.context.junit4.SpringJUnit4ClassRunner.run(SpringJUnit4ClassRunner.java:162)
	at org.apache.maven.surefire.junit4.JUnit4Provider.execute(JUnit4Provider.java:252)
	at org.apache.maven.surefire.junit4.JUnit4Provider.executeTestSet(JUnit4Provider.java:141)
	at org.apache.maven.surefire.junit4.JUnit4Provider.invoke(JUnit4Provider.java:112)
	at sun.reflect.NativeMethodAccessorImpl.invoke0(Native Method)
	at sun.reflect.NativeMethodAccessorImpl.invoke(NativeMethodAccessorImpl.java:62)
	at sun.reflect.DelegatingMethodAccessorImpl.invoke(DelegatingMethodAccessorImpl.java:43)
	at java.lang.reflect.Method.invoke(Method.java:498)
	at org.apache.maven.surefire.util.ReflectionUtils.invokeMethodWithArray(ReflectionUtils.java:189)
	at org.apache.maven.surefire.booter.ProviderFactory$ProviderProxy.invoke(ProviderFactory.java:165)
	at org.apache.maven.surefire.booter.ProviderFactory.invokeProvider(ProviderFactory.java:85)
	at org.apache.maven.surefire.booter.ForkedBooter.runSuitesInProcess(ForkedBooter.java:115)
	at org.apache.maven.surefire.booter.ForkedBooter.main(ForkedBooter.java:75)
Caused by: com.mysql.jdbc.exceptions.jdbc4.MySQLIntegrityConstraintViolationException: Cannot add or update a child row: a foreign key constraint fails (`exam_test`.`user_course`, CONSTRAINT `user_course_ibfk_2` FOREIGN KEY (`courseid`) REFERENCES `course` (`courseid`) ON DELETE CASCADE)
	at sun.reflect.NativeConstructorAccessorImpl.newInstance0(Native Method)
	at sun.reflect.NativeConstructorAccessorImpl.newInstance(NativeConstructorAccessorImpl.java:62)
	at sun.reflect.DelegatingConstructorAccessorImpl.newInstance(DelegatingConstructorAccessorImpl.java:45)
	at java.lang.reflect.Constructor.newInstance(Constructor.java:423)
	at com.mysql.jdbc.Util.handleNewInstance(Util.java:406)
	at com.mysql.jdbc.Util.getInstance(Util.java:381)
	at com.mysql.jdbc.SQLError.createSQLException(SQLError.java:1015)
	at com.mysql.jdbc.SQLError.createSQLException(SQLError.java:956)
	at com.mysql.jdbc.MysqlIO.checkErrorPacket(MysqlIO.java:3536)
	at com.mysql.jdbc.MysqlIO.checkErrorPacket(MysqlIO.java:3468)
	at com.mysql.jdbc.MysqlIO.sendCommand(MysqlIO.java:1957)
	at com.mysql.jdbc.MysqlIO.sqlQueryDirect(MysqlIO.java:2107)
	at com.mysql.jdbc.ConnectionImpl.execSQL(ConnectionImpl.java:2648)
	at com.mysql.jdbc.PreparedStatement.executeInternal(PreparedStatement.java:2086)
	at com.mysql.jdbc.PreparedStatement.execute(PreparedStatement.java:1365)
	at com.mchange.v2.c3p0.impl.NewProxyPreparedStatement.execute(NewProxyPreparedStatement.java:823)
	at sun.reflect.GeneratedMethodAccessor15.invoke(Unknown Source)
	at sun.reflect.DelegatingMethodAccessorImpl.invoke(DelegatingMethodAccessorImpl.java:43)
	at java.lang.reflect.Method.invoke(Method.java:498)
	at org.apache.ibatis.logging.jdbc.PreparedStatementLogger.invoke(PreparedStatementLogger.java:55)
	at com.sun.proxy.$Proxy63.execute(Unknown Source)
	at org.apache.ibatis.executor.statement.PreparedStatementHandler.update(PreparedStatementHandler.java:41)
	at org.apache.ibatis.executor.statement.RoutingStatementHandler.update(RoutingStatementHandler.java:66)
	at org.apache.ibatis.executor.SimpleExecutor.doUpdate(SimpleExecutor.java:45)
	at org.apache.ibatis.executor.BaseExecutor.update(BaseExecutor.java:100)
	at org.apache.ibatis.executor.CachingExecutor.update(CachingExecutor.java:75)
	at sun.reflect.NativeMethodAccessorImpl.invoke0(Native Method)
	at sun.reflect.NativeMethodAccessorImpl.invoke(NativeMethodAccessorImpl.java:62)
	at sun.reflect.DelegatingMethodAccessorImpl.invoke(DelegatingMethodAccessorImpl.java:43)
	at java.lang.reflect.Method.invoke(Method.java:498)
	at org.apache.ibatis.plugin.Plugin.invoke(Plugin.java:59)
	at com.sun.proxy.$Proxy61.update(Unknown Source)
	at org.apache.ibatis.session.defaults.DefaultSqlSession.update(DefaultSqlSession.java:148)
	at org.apache.ibatis.session.defaults.DefaultSqlSession.insert(DefaultSqlSession.java:137)
	at sun.reflect.NativeMethodAccessorImpl.invoke0(Native Method)
	at sun.reflect.NativeMethodAccessorImpl.invoke(NativeMethodAccessorImpl.java:62)
	at sun.reflect.DelegatingMethodAccessorImpl.invoke(DelegatingMethodAccessorImpl.java:43)
	at java.lang.reflect.Method.invoke(Method.java:498)
	at org.mybatis.spring.SqlSessionTemplate$SqlSessionInterceptor.invoke(SqlSessionTemplate.java:434)
	... 57 more
</error>
    <system-out>22:48:55,032  INFO TransactionContext:100 - Began transaction (1) for test context [DefaultTestContext@32fe9d0a testClass = CourseServiceImplTest, testInstance = com.hl.service.impl.CourseServiceImplTest@61d9efe0, testMethod = testUserJoinCourse@CourseServiceImplTest, testException = [null], mergedContextConfiguration = [MergedContextConfiguration@64da2a7 testClass = CourseServiceImplTest, locations = &apos;{classpath:spring/spring-dao.xml, classpath:spring/spring-service.xml, classpath:spring/spring-transaction.xml}&apos;, classes = &apos;{}&apos;, contextInitializerClasses = &apos;[]&apos;, activeProfiles = &apos;{}&apos;, propertySourceLocations = &apos;{}&apos;, propertySourceProperties = &apos;{}&apos;, contextLoader = &apos;org.springframework.test.context.support.DelegatingSmartContextLoader&apos;, parent = [null]]]; transaction manager [org.springframework.jdbc.datasource.DataSourceTransactionManager@1608bcbd]; rollback [true]
Creating a new SqlSession
Registering transaction synchronization for SqlSession [org.apache.ibatis.session.defaults.DefaultSqlSession@7e70bd39]
JDBC Connection [com.mchange.v2.c3p0.impl.NewProxyConnection@6de54b40] will be managed by Spring
ooo Using Connection [com.mchange.v2.c3p0.impl.NewProxyConnection@6de54b40]
==&gt;  Preparing: select count(ucid) from user_course where userid = ? and courseid = ? 
==&gt; Parameters: 3(Integer), 7(Integer)
&lt;==    Columns: count(ucid)
&lt;==        Row: 0
&lt;==      Total: 1
Releasing transactional SqlSession [org.apache.ibatis.session.defaults.DefaultSqlSession@7e70bd39]
Fetched SqlSession [org.apache.ibatis.session.defaults.DefaultSqlSession@7e70bd39] from current transaction
ooo Using Connection [com.mchange.v2.c3p0.impl.NewProxyConnection@6de54b40]
==&gt;  Preparing: insert into user_course (userid,courseid) values(?,?) 
==&gt; Parameters: 3(Integer), 7(Integer)
Releasing transactional SqlSession [org.apache.ibatis.session.defaults.DefaultSqlSession@7e70bd39]
Transaction synchronization deregistering SqlSession [org.apache.ibatis.session.defaults.DefaultSqlSession@7e70bd39]
Transaction synchronization closing SqlSession [org.apache.ibatis.session.defaults.DefaultSqlSession@7e70bd39]
22:48:55,155  INFO TransactionContext:135 - Rolled back transaction for test context [DefaultTestContext@32fe9d0a testClass = CourseServiceImplTest, testInstance = com.hl.service.impl.CourseServiceImplTest@61d9efe0, testMethod = testUserJoinCourse@CourseServiceImplTest, testException = org.springframework.dao.DataIntegrityViolationException: 
### Error updating database.  Cause: com.mysql.jdbc.exceptions.jdbc4.MySQLIntegrityConstraintViolationException: Cannot add or update a child row: a foreign key constraint fails (`exam_test`.`user_course`, CONSTRAINT `user_course_ibfk_2` FOREIGN KEY (`courseid`) REFERENCES `course` (`courseid`) ON DELETE CASCADE)
### The error may involve defaultParameterMap
### The error occurred while setting parameters
### SQL: insert into user_course (userid,courseid)     values(?,?)
### Cause: com.mysql.jdbc.exceptions.jdbc4.MySQLIntegrityConstraintViolationException: Cannot add or update a child row: a foreign key constraint fails (`exam_test`.`user_course`, CONSTRAINT `user_course_ibfk_2` FOREIGN KEY (`courseid`) REFERENCES `course` (`courseid`) ON DELETE CASCADE)
; SQL []; Cannot add or update a child row: a foreign key constraint fails (`exam_test`.`user_course`, CONSTRAINT `user_course_ibfk_2` FOREIGN KEY (`courseid`) REFERENCES `course` (`courseid`) ON DELETE CASCADE); nested exception is com.mysql.jdbc.exceptions.jdbc4.MySQLIntegrityConstraintViolationException: Cannot add or update a child row: a foreign key constraint fails (`exam_test`.`user_course`, CONSTRAINT `user_course_ibfk_2` FOREIGN KEY (`courseid`) REFERENCES `course` (`courseid`) ON DELETE CASCADE), mergedContextConfiguration = [MergedContextConfiguration@64da2a7 testClass = CourseServiceImplTest, locations = &apos;{classpath:spring/spring-dao.xml, classpath:spring/spring-service.xml, classpath:spring/spring-transaction.xml}&apos;, classes = &apos;{}&apos;, contextInitializerClasses = &apos;[]&apos;, activeProfiles = &apos;{}&apos;, propertySourceLocations = &apos;{}&apos;, propertySourceProperties = &apos;{}&apos;, contextLoader = &apos;org.springframework.test.context.support.DelegatingSmartContextLoader&apos;, parent = [null]]].
</system-out>
  </testcase>
</testsuite>